<?xml version="1.0" encoding="UTF-8"?>
<!-- Generated by org.testng.reporters.JUnitXMLReporter -->
<testsuite hostname="Mayur" ignored="0" name="smoke" tests="16" failures="2" timestamp="2022-10-22T14:04:35 IST" time="0.145" errors="0">
  <testcase name="regressionTestCase1" time="0.006" classname="Day3TestNG.GroupParameter"/>
  <testcase name="regressionTestCase2" time="0.0" classname="Day3TestNG.GroupParameter"/>
  <testcase name="sanityTestCase1" time="0.002" classname="Day3TestNG.GroupParameter"/>
  <testcase name="sanityTestCase2" time="0.0" classname="Day3TestNG.GroupParameter"/>
  <testcase name="smokeTestCase1" time="0.003" classname="Day3TestNG.GroupParameter"/>
  <testcase name="smokeTestCase2" time="0.003" classname="Day3TestNG.GroupParameter"/>
  <testcase name="testCase1_1" time="0.0" classname="Day3TestNG.IncludeExcludePractice1"/>
  <testcase name="testCase2_1" time="0.001" classname="Day3TestNG.IncludeExcludePractice1"/>
  <testcase name="testCase3_1" time="0.0" classname="Day3TestNG.IncludeExcludePractice1"/>
  <testcase name="testCase4_1" time="0.005" classname="Day3TestNG.IncludeExcludePractice1"/>
  <testcase name="testCase5_1" time="0.0" classname="Day3TestNG.IncludeExcludePractice1"/>
  <testcase name="createAcc" time="0.0" classname="Day3TestNG.TestNgParameters"/>
  <testcase name="login" time="0.0" classname="Day3TestNG.TestNgParameters"/>
  <testcase name="bookTicket" time="0.0" classname="Day3TestNG.TestNgParameters">
    <failure type="java.lang.ArithmeticException" message="/ by zero">
      <![CDATA[java.lang.ArithmeticException: / by zero
at Day3TestNG.TestNgParameters.bookTicket(TestNgParameters.java:18)
at java.util.ArrayList.forEach(Unknown Source)
... Removed 27 stack frames]]>
    </failure>
  </testcase> <!-- bookTicket -->
  <testcase name="bookTicket" time="0.0" classname="Day3TestNG.TestNgParameters">
    <failure type="java.lang.ArithmeticException" message="/ by zero">
      <![CDATA[java.lang.ArithmeticException: / by zero
at Day3TestNG.TestNgParameters.bookTicket(TestNgParameters.java:18)
at java.util.ArrayList.forEach(Unknown Source)
... Removed 27 stack frames]]>
    </failure>
  </testcase> <!-- bookTicket -->
  <testcase name="logout" time="0.006" classname="Day3TestNG.TestNgParameters"/>
</testsuite> <!-- smoke -->
